#
# A fatal error has been detected by the Java Runtime Environment:
#
#  EXCEPTION_ACCESS_VIOLATION (0xc0000005) at pc=0x00007ffd192c5950, pid=7920, tid=3288
#
# JRE version: Java(TM) SE Runtime Environment (13.0.1+9) (build 13.0.1+9)
# Java VM: Java HotSpot(TM) 64-Bit Server VM (13.0.1+9, mixed mode, sharing, tiered, compressed oops, g1 gc, windows-amd64)
# Problematic frame:
# V  [jvm.dll+0x105950]
#
# No core dump will be written. Minidumps are not enabled by default on client versions of Windows
#
# If you would like to submit a bug report, please visit:
#   http://bugreport.java.com/bugreport/crash.jsp
#

---------------  S U M M A R Y ------------

Command Line: -agentlib:jdwp=transport=dt_socket,address=127.0.0.1:52617,suspend=y,server=n -javaagent:C:\Users\Tom\AppData\Local\JetBrains\IdeaIC2020.3\captureAgent\debugger-agent.jar -Dfile.encoding=UTF-8 Start

Host: AMD FX(tm)-4100 Quad-Core Processor            , 4 cores, 3G,  Windows 10 , 64 bit Build 14393 (10.0.14393.1198)
Time: Sat Mar  6 21:44:23 2021 RTZ 2 (ceia) elapsed time: 31 seconds (0d 0h 0m 31s)

---------------  T H R E A D  ---------------

Current thread (0x0000017e6faec800):  JavaThread "AWT-Windows" daemon [_thread_in_vm, id=3288, stack(0x0000001b3c200000,0x0000001b3c300000)]

Stack: [0x0000001b3c200000,0x0000001b3c300000],  sp=0x0000001b3c2feb38,  free space=1018k
Native frames: (J=compiled Java code, j=interpreted, Vv=VM code, C=native code)
V  [jvm.dll+0x105950]

Java frames: (J=compiled Java code, j=interpreted, Vv=VM code)
j  sun.awt.windows.WToolkit.eventLoop()V+0 java.desktop@13.0.1
j  sun.awt.windows.WToolkit.run()V+50 java.desktop@13.0.1
j  java.lang.Thread.run()V+11 java.base@13.0.1
v  ~StubRoutines::call_stub

siginfo: EXCEPTION_ACCESS_VIOLATION (0xc0000005), reading address 0xffffffffffffffff


Register to memory mapping:

RIP=0x00007ffd192c5950 jvm.dll
RAX=0x0 is NULL
RBX=0x0000017e6faec800 is a thread
RCX=0x000101e100000002 is an unknown value
RDX=0x0000000000000006 is an unknown value
RSP=0x0000001b3c2feb38 is pointing into the stack for thread: 0x0000017e6faec800
RBP=0x0000017e6faec800 is a thread
RSI=0x0 is NULL
RDI=0x000101e100000002 is an unknown value
R8 =0x00007ffd19bbe850 jvm.dll
R9 =0x0000000000008000 is an unknown value
R10=0x0000017e7022f668 points into unknown readable memory: c8 5c e6 71 7e 01 00 00
R11=0x0000017e7022f668 points into unknown readable memory: c8 5c e6 71 7e 01 00 00
R12=0x0 is NULL
R13={method} {0x0000017e6f01eeb8} 'eventLoop' '()V' in 'sun/awt/windows/WToolkit'
R14=0x0000001b3c2fef00 is pointing into the stack for thread: 0x0000017e6faec800
R15=0x0000017e6faecb10 points into unknown readable memory: 50 e8 bb 19 fd 7f 00 00


Registers:
RAX=0x0000000000000000, RBX=0x0000017e6faec800, RCX=0x000101e100000002, RDX=0x0000000000000006
RSP=0x0000001b3c2feb38, RBP=0x0000017e6faec800, RSI=0x0000000000000000, RDI=0x000101e100000002
R8 =0x00007ffd19bbe850, R9 =0x0000000000008000, R10=0x0000017e7022f668, R11=0x0000017e7022f668
R12=0x0000000000000000, R13=0x0000017e6f01eeb0, R14=0x0000001b3c2fef00, R15=0x0000017e6faecb10
RIP=0x00007ffd192c5950, EFLAGS=0x0000000000010246

Top of Stack: (sp=0x0000001b3c2feb38)
0x0000001b3c2feb38:   00007ffd1958bee5 0000017e6faec800
0x0000001b3c2feb48:   00007ffd1cd943d6 0000000000000000
0x0000001b3c2feb58:   0000017e6fa2f2a0 0000017e6faec800
0x0000001b3c2feb68:   0000000000000000 0000017e70bfe910
0x0000001b3c2feb78:   0000001b3c2fef28 0000017e6faec800
0x0000001b3c2feb88:   0000001b3c2fef28 0000017e70bfe910
0x0000001b3c2feb98:   00007ffd291b3487 0000017e6faecb10
0x0000001b3c2feba8:   00007ffd292d37e0 0000000000000000
0x0000001b3c2febb8:   0000000000000000 0000017e6fa2f2a8
0x0000001b3c2febc8:   0000000000000000 0000000000000001
0x0000001b3c2febd8:   00007ffd291b1ad8 0000017e70bfd720
0x0000001b3c2febe8:   00007ffd292d37e0 0000000000000000
0x0000001b3c2febf8:   0000000000000001 fffffffffffffffe
0x0000001b3c2fec08:   00007ffd00000001 0000000000000000
0x0000001b3c2fec18:   00007ffd291b32c3 0000017e705593b0
0x0000001b3c2fec28:   0000000000000001 0000017e705ea5e8 

Instructions: (pc=0x00007ffd192c5950)
0x00007ffd192c5850:   48 8b ce 48 85 c0 74 03 48 8b 08 e8 c0 4a 28 00
0x00007ffd192c5860:   48 8b 44 24 48 48 85 c0 74 03 48 8b 30 33 d2 48
0x00007ffd192c5870:   89 b7 e8 02 00 00 48 8b cf e8 b2 bd 62 00 48 8b
0x00007ffd192c5880:   cf e8 1a 3e 63 00 48 85 db 74 08 48 8b cb e8 5d
0x00007ffd192c5890:   6f 4f 00 48 8d 4c 24 58 e8 03 97 1c 00 48 8b 8c
0x00007ffd192c58a0:   24 80 00 00 00 48 33 cc e8 13 c9 69 00 4c 8d 9c
0x00007ffd192c58b0:   24 90 00 00 00 49 8b 5b 18 49 8b 73 20 49 8b e3
0x00007ffd192c58c0:   5f c3 cc cc cc cc cc cc cc cc cc cc cc cc cc cc
0x00007ffd192c58d0:   48 89 4c 24 08 48 89 54 24 10 4c 89 44 24 18 4c
0x00007ffd192c58e0:   89 4c 24 20 48 83 ec 28 4c 8b c1 4c 8d 4c 24 38
0x00007ffd192c58f0:   48 8d 0d c9 40 95 00 ba 02 00 00 00 e8 bf ed 42
0x00007ffd192c5900:   00 48 83 c4 28 c3 cc cc cc cc cc cc cc cc cc cc
0x00007ffd192c5910:   48 89 4c 24 08 48 89 54 24 10 4c 89 44 24 18 4c
0x00007ffd192c5920:   89 4c 24 20 48 83 ec 28 4c 8b c1 4c 8d 4c 24 38
0x00007ffd192c5930:   48 8d 0d 89 40 95 00 ba 05 00 00 00 e8 7f ed 42
0x00007ffd192c5940:   00 48 83 c4 28 c3 cc cc cc cc cc cc cc cc cc cc
0x00007ffd192c5950:   48 8b 01 c3 cc cc cc cc cc cc cc cc cc cc cc cc
0x00007ffd192c5960:   48 89 5c 24 08 48 89 74 24 10 57 48 83 ec 20 48
0x00007ffd192c5970:   8b f9 48 8b 9f d0 00 00 00 48 85 db 74 08 48 8b
0x00007ffd192c5980:   cb e8 0a 6d 4f 00 8b b7 d8 00 00 00 c1 ee 1d 40
0x00007ffd192c5990:   80 e6 01 75 07 40 88 b7 a4 03 00 00 48 85 db 74
0x00007ffd192c59a0:   08 48 8b cb e8 47 6e 4f 00 40 84 f6 74 11 48 8b
0x00007ffd192c59b0:   cf e8 4a 00 63 00 c6 87 a4 03 00 00 01 eb b3 48
0x00007ffd192c59c0:   8b 5c 24 30 48 8b 74 24 38 48 83 c4 20 5f c3 cc
0x00007ffd192c59d0:   4c 8b dc 53 56 48 81 ec a8 00 00 00 48 8b 05 d5
0x00007ffd192c59e0:   b5 92 00 48 33 c4 48 89 44 24 78 65 48 8b 04 25
0x00007ffd192c59f0:   58 00 00 00 8b da 8b 15 98 77 9c 00 49 89 6b 20
0x00007ffd192c5a00:   4d 89 63 e0 4d 89 6b d8 4d 8b e8 48 8b 04 d0 4d
0x00007ffd192c5a10:   89 73 d0 4c 8b f1 be 08 00 00 00 4d 89 7b c8 48
0x00007ffd192c5a20:   8b 34 06 48 8b d6 48 8d 8e f0 02 00 00 e8 de 0f
0x00007ffd192c5a30:   1d 00 c7 86 88 03 00 00 07 00 00 00 e8 cf 2f 51
0x00007ffd192c5a40:   00 83 3d b8 6a 99 00 01 75 0e 48 8b 86 08 01 00 


Stack slot to memory mapping:
stack at sp + 0 slots: 0x00007ffd1958bee5 jvm.dll
stack at sp + 1 slots: 0x0000017e6faec800 is a thread
stack at sp + 2 slots: 0x00007ffd1cd943d6 d3d9.dll
stack at sp + 3 slots: 0x0 is NULL
stack at sp + 4 slots: 0x0000017e6fa2f2a0 points into unknown readable memory: a8 04 e9 1c fd 7f 00 00
stack at sp + 5 slots: 0x0000017e6faec800 is a thread
stack at sp + 6 slots: 0x0 is NULL
stack at sp + 7 slots: 0x0000017e70bfe910 points into unknown readable memory: 05 00 00 00 58 00 00 00


---------------  P R O C E S S  ---------------

Threads class SMR info:
_java_thread_list=0x0000017e6f887c40, length=18, elements={
0x0000017e52f0d800, 0x0000017e6ed91800, 0x0000017e6edaa000, 0x0000017e6edab000,
0x0000017e6edae000, 0x0000017e6edbe800, 0x0000017e6ee21000, 0x0000017e6ed8e000,
0x0000017e6f7e1000, 0x0000017e6f83b000, 0x0000017e6f83c000, 0x0000017e6f903800,
0x0000017e6fae7000, 0x0000017e6faec800, 0x0000017e52e30800, 0x0000017e70a1b000,
0x0000017e70b03800, 0x0000017e6f9bf000
}

Java Threads: ( => current thread )
  0x0000017e52f0d800 JavaThread "Reference Handler" daemon [_thread_blocked, id=6640, stack(0x0000001b3b300000,0x0000001b3b400000)]
  0x0000017e6ed91800 JavaThread "Finalizer" daemon [_thread_blocked, id=2196, stack(0x0000001b3b400000,0x0000001b3b500000)]
  0x0000017e6edaa000 JavaThread "Signal Dispatcher" daemon [_thread_blocked, id=4596, stack(0x0000001b3b500000,0x0000001b3b600000)]
  0x0000017e6edab000 JavaThread "Attach Listener" daemon [_thread_blocked, id=5792, stack(0x0000001b3b600000,0x0000001b3b700000)]
  0x0000017e6edae000 JavaThread "C2 CompilerThread0" daemon [_thread_blocked, id=6528, stack(0x0000001b3b700000,0x0000001b3b800000)]
  0x0000017e6edbe800 JavaThread "C1 CompilerThread0" daemon [_thread_blocked, id=6404, stack(0x0000001b3b800000,0x0000001b3b900000)]
  0x0000017e6ee21000 JavaThread "Sweeper thread" daemon [_thread_blocked, id=6284, stack(0x0000001b3b900000,0x0000001b3ba00000)]
  0x0000017e6ed8e000 JavaThread "Common-Cleaner" daemon [_thread_blocked, id=6184, stack(0x0000001b3ba00000,0x0000001b3bb00000)]
  0x0000017e6f7e1000 JavaThread "JDWP Transport Listener: dt_socket" daemon [_thread_blocked, id=6504, stack(0x0000001b3bb00000,0x0000001b3bc00000)]
  0x0000017e6f83b000 JavaThread "JDWP Event Helper Thread" daemon [_thread_blocked, id=1360, stack(0x0000001b3bc00000,0x0000001b3bd00000)]
  0x0000017e6f83c000 JavaThread "JDWP Command Reader" daemon [_thread_in_native, id=2564, stack(0x0000001b3bd00000,0x0000001b3be00000)]
  0x0000017e6f903800 JavaThread "Service Thread" daemon [_thread_blocked, id=344, stack(0x0000001b3be00000,0x0000001b3bf00000)]
  0x0000017e6fae7000 JavaThread "AWT-Shutdown" [_thread_blocked, id=3060, stack(0x0000001b3c100000,0x0000001b3c200000)]
=>0x0000017e6faec800 JavaThread "AWT-Windows" daemon [_thread_in_vm, id=3288, stack(0x0000001b3c200000,0x0000001b3c300000)]
  0x0000017e52e30800 JavaThread "DestroyJavaVM" [_thread_blocked, id=7664, stack(0x0000001b3ac00000,0x0000001b3ad00000)]
  0x0000017e70a1b000 JavaThread "TimerQueue" daemon [_thread_blocked, id=4052, stack(0x0000001b3d200000,0x0000001b3d300000)]
  0x0000017e70b03800 JavaThread "AWT-EventQueue-0" [_thread_blocked, id=4864, stack(0x0000001b3d400000,0x0000001b3d500000)]
  0x0000017e6f9bf000 JavaThread "ToolkitShutdown" daemon [_thread_in_native, id=4328, stack(0x0000001b3d500000,0x0000001b3d600000)]

Other Threads:
  0x0000017e52f0c000 VMThread "VM Thread" [stack: 0x0000001b3b200000,0x0000001b3b300000] [id=7596]
  0x0000017e6f90a800 WatcherThread [stack: 0x0000001b3bf00000,0x0000001b3c000000] [id=3756]
  0x0000017e52e60000 GCTaskThread "GC Thread#0" [stack: 0x0000001b3ad00000,0x0000001b3ae00000] [id=6416]
  0x0000017e70ac0000 GCTaskThread "GC Thread#1" [stack: 0x0000001b3cd00000,0x0000001b3ce00000] [id=864]
  0x0000017e70837800 GCTaskThread "GC Thread#2" [stack: 0x0000001b3ce00000,0x0000001b3cf00000] [id=7200]
  0x0000017e70838800 GCTaskThread "GC Thread#3" [stack: 0x0000001b3cf00000,0x0000001b3d000000] [id=6336]
  0x0000017e52e69800 ConcurrentGCThread "G1 Main Marker" [stack: 0x0000001b3ae00000,0x0000001b3af00000] [id=6476]
  0x0000017e52e6d000 ConcurrentGCThread "G1 Conc#0" [stack: 0x0000001b3af00000,0x0000001b3b000000] [id=5344]
  0x0000017e52ec2000 ConcurrentGCThread "G1 Refine#0" [stack: 0x0000001b3b000000,0x0000001b3b100000] [id=912]
  0x0000017e7095c800 ConcurrentGCThread "G1 Refine#1" [stack: 0x0000001b3d300000,0x0000001b3d400000] [id=6940]
  0x0000017e52ec4000 ConcurrentGCThread "G1 Young RemSet Sampling" [stack: 0x0000001b3b100000,0x0000001b3b200000] [id=720]

Threads with active compile tasks:

VM state:not at safepoint (normal execution)

VM Mutex/Monitor currently owned by a thread: None

OutOfMemory and StackOverflow Exception counts:
OutOfMemoryError java_heap_errors=78
LinkageErrors=8

Heap address: 0x00000000c0400000, size: 1020 MB, Compressed Oops mode: 32-bit
Narrow klass base: 0x0000000800000000, Narrow klass shift: 3
Compressed class space size: 1073741824 Address: 0x0000000800b40000

Heap:
 garbage-first heap   total 24576K, used 6590K [0x00000000c0400000, 0x0000000100000000)
  region size 1024K, 3 young (3072K), 1 survivors (1024K)
 Metaspace       used 12435K, capacity 12759K, committed 13056K, reserved 1060864K
  class space    used 1273K, capacity 1403K, committed 1536K, reserved 1048576K
Heap Regions: E=young(eden), S=young(survivor), O=old, HS=humongous(starts), HC=humongous(continues), CS=collection set, F=free, A=archive, TAMS=top-at-mark-start (previous, next)
|   0|0x00000000c0400000, 0x00000000c0500000, 0x00000000c0500000|100%|HS|  |TAMS 0x00000000c0400000, 0x00000000c0400000| Untracked 
|   1|0x00000000c0500000, 0x00000000c0600000, 0x00000000c0600000|100%|HC|  |TAMS 0x00000000c0500000, 0x00000000c0500000| Untracked 
|   2|0x00000000c0600000, 0x00000000c06bf0b0, 0x00000000c0700000| 74%| O|  |TAMS 0x00000000c0600000, 0x00000000c0600000| Untracked 
|   3|0x00000000c0700000, 0x00000000c0800000, 0x00000000c0800000|100%| O|  |TAMS 0x00000000c0700000, 0x00000000c0700000| Untracked 
|   4|0x00000000c0800000, 0x00000000c08dc450, 0x00000000c0900000| 86%| O|  |TAMS 0x00000000c0800000, 0x00000000c0800000| Untracked 
|   5|0x00000000c0900000, 0x00000000c0990c80, 0x00000000c0a00000| 56%| O|  |TAMS 0x00000000c0900000, 0x00000000c0900000| Untracked 
|   6|0x00000000c0a00000, 0x00000000c0a00000, 0x00000000c0b00000|  0%| F|  |TAMS 0x00000000c0a00000, 0x00000000c0a00000| Untracked 
|   7|0x00000000c0b00000, 0x00000000c0b2b638, 0x00000000c0c00000| 16%| O|  |TAMS 0x00000000c0b00000, 0x00000000c0b00000| Untracked 
|   8|0x00000000c0c00000, 0x00000000c0c00000, 0x00000000c0d00000|  0%| F|  |TAMS 0x00000000c0c00000, 0x00000000c0c00000| Untracked 
|   9|0x00000000c0d00000, 0x00000000c0d00000, 0x00000000c0e00000|  0%| F|  |TAMS 0x00000000c0d00000, 0x00000000c0d00000| Untracked 
|  10|0x00000000c0e00000, 0x00000000c0e00000, 0x00000000c0f00000|  0%| F|  |TAMS 0x00000000c0e00000, 0x00000000c0e00000| Untracked 
|  11|0x00000000c0f00000, 0x00000000c0f00000, 0x00000000c1000000|  0%| F|  |TAMS 0x00000000c0f00000, 0x00000000c0f00000| Untracked 
|  12|0x00000000c1000000, 0x00000000c1000000, 0x00000000c1100000|  0%| F|  |TAMS 0x00000000c1000000, 0x00000000c1000000| Untracked 
|  13|0x00000000c1100000, 0x00000000c1100000, 0x00000000c1200000|  0%| F|  |TAMS 0x00000000c1100000, 0x00000000c1100000| Untracked 
|  14|0x00000000c1200000, 0x00000000c1200000, 0x00000000c1300000|  0%| F|  |TAMS 0x00000000c1200000, 0x00000000c1200000| Untracked 
|  15|0x00000000c1300000, 0x00000000c13182b0, 0x00000000c1400000|  9%| S|CS|TAMS 0x00000000c1300000, 0x00000000c1300000| Complete 
|  16|0x00000000c1400000, 0x00000000c1400000, 0x00000000c1500000|  0%| F|  |TAMS 0x00000000c1400000, 0x00000000c1400000| Untracked 
|  17|0x00000000c1500000, 0x00000000c1500000, 0x00000000c1600000|  0%| F|  |TAMS 0x00000000c1500000, 0x00000000c1500000| Untracked 
|  18|0x00000000c1600000, 0x00000000c1600000, 0x00000000c1700000|  0%| F|  |TAMS 0x00000000c1600000, 0x00000000c1600000| Untracked 
|  19|0x00000000c1700000, 0x00000000c1700000, 0x00000000c1800000|  0%| F|  |TAMS 0x00000000c1700000, 0x00000000c1700000| Untracked 
|  20|0x00000000c1800000, 0x00000000c1800000, 0x00000000c1900000|  0%| F|  |TAMS 0x00000000c1800000, 0x00000000c1800000| Untracked 
|  21|0x00000000c1900000, 0x00000000c1900000, 0x00000000c1a00000|  0%| F|  |TAMS 0x00000000c1900000, 0x00000000c1900000| Untracked 
|  22|0x00000000c1a00000, 0x00000000c1a82388, 0x00000000c1b00000| 50%| E|  |TAMS 0x00000000c1a00000, 0x00000000c1a00000| Complete 
|  23|0x00000000c1b00000, 0x00000000c1c00000, 0x00000000c1c00000|100%| E|CS|TAMS 0x00000000c1b00000, 0x00000000c1b00000| Complete 

Card table byte_map: [0x0000017e6a540000,0x0000017e6a740000] _byte_map_base: 0x0000017e69f3e000

Marking Bits (Prev, Next): (CMBitMap*) 0x0000017e52e60ef8, (CMBitMap*) 0x0000017e52e60eb8
 Prev Bits: [0x0000017e6b930000, 0x0000017e6c920000)
 Next Bits: [0x0000017e6a940000, 0x0000017e6b930000)

Polling page: 0x0000017e50e50000

Metaspace:

Usage:
  Non-class:     11.09 MB capacity,    10.90 MB ( 98%) used,   166.78 KB (  1%) free+waste,    26.88 KB ( <1%) overhead. 
      Class:      1.37 MB capacity,     1.24 MB ( 91%) used,   114.85 KB (  8%) free+waste,    14.75 KB (  1%) overhead. 
       Both:     12.46 MB capacity,    12.14 MB ( 97%) used,   281.63 KB (  2%) free+waste,    41.63 KB ( <1%) overhead. 

Virtual space:
  Non-class space:       12.00 MB reserved,      11.25 MB ( 94%) committed 
      Class space:        1.00 GB reserved,       1.50 MB ( <1%) committed 
             Both:        1.01 GB reserved,      12.75 MB (  1%) committed 

Chunk freelists:
   Non-Class:  36.00 KB
       Class:  37.00 KB
        Both:  73.00 KB

MaxMetaspaceSize: 17179869184.00 GB
CompressedClassSpaceSize: 1.00 GB

CodeHeap 'non-profiled nmethods': size=120064Kb used=767Kb max_used=767Kb free=119296Kb
 bounds [0x0000017e62e00000, 0x0000017e63070000, 0x0000017e6a340000]
CodeHeap 'profiled nmethods': size=120000Kb used=4749Kb max_used=4749Kb free=115250Kb
 bounds [0x0000017e5b8d0000, 0x0000017e5bd80000, 0x0000017e62e00000]
CodeHeap 'non-nmethods': size=5696Kb used=1430Kb max_used=1449Kb free=4265Kb
 bounds [0x0000017e5b340000, 0x0000017e5b5b0000, 0x0000017e5b8d0000]
 total_blobs=3649 nmethods=2235 adapters=561
 compilation: enabled
              stopped_count=0, restarted_count=0
 full_count=0

Compilation events (20 events):
Event: 29.419 Thread 0x0000017e6edbe800 2298   !   3       java.io.FileInputStream::close (69 bytes)
Event: 29.419 Thread 0x0000017e6edbe800 nmethod 2298 0x0000017e5bd6c690 code [0x0000017e5bd6c880, 0x0000017e5bd6cf20]
Event: 29.419 Thread 0x0000017e6edbe800 2299       3       java.io.FileInputStream$1::<init> (10 bytes)
Event: 29.419 Thread 0x0000017e6edbe800 nmethod 2299 0x0000017e5bd6d110 code [0x0000017e5bd6d2c0, 0x0000017e5bd6d4f8]
Event: 29.468 Thread 0x0000017e6edbe800 2300  s    3       java.io.BufferedInputStream::mark (14 bytes)
Event: 29.468 Thread 0x0000017e6edbe800 nmethod 2300 0x0000017e5bd6d590 code [0x0000017e5bd6d740, 0x0000017e5bd6da58]
Event: 29.468 Thread 0x0000017e6edbe800 2301       3       java.io.BufferedInputStream::<init> (9 bytes)
Event: 29.469 Thread 0x0000017e6edbe800 nmethod 2301 0x0000017e5bd6db10 code [0x0000017e5bd6dd00, 0x0000017e5bd6e2d0]
Event: 29.469 Thread 0x0000017e6edbe800 2302       3       java.io.BufferedInputStream::<init> (32 bytes)
Event: 29.469 Thread 0x0000017e6edbe800 nmethod 2302 0x0000017e5bd6e490 code [0x0000017e5bd6e680, 0x0000017e5bd6ebd0]
Event: 29.469 Thread 0x0000017e6edbe800 2303  s    3       java.io.BufferedInputStream::reset (31 bytes)
Event: 29.469 Thread 0x0000017e6edbe800 nmethod 2303 0x0000017e5bd6ed90 code [0x0000017e5bd6ef80, 0x0000017e5bd6f540]
Event: 29.469 Thread 0x0000017e6edbe800 2304       3       Model.InputFile::<init> (14 bytes)
Event: 29.469 Thread 0x0000017e6edbe800 nmethod 2304 0x0000017e5bd6f710 code [0x0000017e5bd6f8c0, 0x0000017e5bd6fb30]
Event: 29.469 Thread 0x0000017e6edbe800 2305       3       com.drew.lang.ByteTrie::find (105 bytes)
Event: 29.470 Thread 0x0000017e6edbe800 nmethod 2305 0x0000017e5bd6fc10 code [0x0000017e5bd6fe20, 0x0000017e5bd70560]
Event: 29.470 Thread 0x0000017e6edbe800 2306       3       com.drew.imaging.ImageMetadataReader::readMetadata (230 bytes)
Event: 29.471 Thread 0x0000017e6edbe800 nmethod 2306 0x0000017e5bd70910 code [0x0000017e5bd70d20, 0x0000017e5bd728c0]
Event: 29.471 Thread 0x0000017e6edbe800 2307       3       Model.Model::startCopyingFile (41 bytes)
Event: 29.472 Thread 0x0000017e6edbe800 nmethod 2307 0x0000017e5bd73210 code [0x0000017e5bd73440, 0x0000017e5bd73a50]

GC Heap History (20 events):
Event: 26.557 GC heap before
{Heap before GC invocations=182 (full 87):
 garbage-first heap   total 1044480K, used 1043705K [0x00000000c0400000, 0x0000000100000000)
  region size 1024K, 0 young (0K), 0 survivors (0K)
 Metaspace       used 11983K, capacity 12328K, committed 12416K, reserved 1060864K
  class space    used 1246K, capacity 1369K, committed 1408K, reserved 1048576K
}
Event: 26.638 GC heap after
{Heap after GC invocations=183 (full 88):
 garbage-first heap   total 1044480K, used 1043705K [0x00000000c0400000, 0x0000000100000000)
  region size 1024K, 0 young (0K), 0 survivors (0K)
 Metaspace       used 11983K, capacity 12328K, committed 12416K, reserved 1060864K
  class space    used 1246K, capacity 1369K, committed 1408K, reserved 1048576K
}
Event: 26.638 GC heap before
{Heap before GC invocations=183 (full 88):
 garbage-first heap   total 1044480K, used 1043705K [0x00000000c0400000, 0x0000000100000000)
  region size 1024K, 0 young (0K), 0 survivors (0K)
 Metaspace       used 11983K, capacity 12328K, committed 12416K, reserved 1060864K
  class space    used 1246K, capacity 1369K, committed 1408K, reserved 1048576K
}
Event: 26.639 GC heap after
{Heap after GC invocations=184 (full 88):
 garbage-first heap   total 1044480K, used 1043705K [0x00000000c0400000, 0x0000000100000000)
  region size 1024K, 0 young (0K), 0 survivors (0K)
 Metaspace       used 11983K, capacity 12328K, committed 12416K, reserved 1060864K
  class space    used 1246K, capacity 1369K, committed 1408K, reserved 1048576K
}
Event: 26.640 GC heap before
{Heap before GC invocations=184 (full 88):
 garbage-first heap   total 1044480K, used 1043705K [0x00000000c0400000, 0x0000000100000000)
  region size 1024K, 0 young (0K), 0 survivors (0K)
 Metaspace       used 11983K, capacity 12328K, committed 12416K, reserved 1060864K
  class space    used 1246K, capacity 1369K, committed 1408K, reserved 1048576K
}
Event: 26.728 GC heap after
{Heap after GC invocations=185 (full 89):
 garbage-first heap   total 1044480K, used 1043705K [0x00000000c0400000, 0x0000000100000000)
  region size 1024K, 0 young (0K), 0 survivors (0K)
 Metaspace       used 11983K, capacity 12328K, committed 12416K, reserved 1060864K
  class space    used 1246K, capacity 1369K, committed 1408K, reserved 1048576K
}
Event: 26.728 GC heap before
{Heap before GC invocations=185 (full 89):
 garbage-first heap   total 1044480K, used 1043705K [0x00000000c0400000, 0x0000000100000000)
  region size 1024K, 0 young (0K), 0 survivors (0K)
 Metaspace       used 11983K, capacity 12328K, committed 12416K, reserved 1060864K
  class space    used 1246K, capacity 1369K, committed 1408K, reserved 1048576K
}
Event: 26.819 GC heap after
{Heap after GC invocations=186 (full 90):
 garbage-first heap   total 1044480K, used 1043705K [0x00000000c0400000, 0x0000000100000000)
  region size 1024K, 0 young (0K), 0 survivors (0K)
 Metaspace       used 11983K, capacity 12328K, committed 12416K, reserved 1060864K
  class space    used 1246K, capacity 1369K, committed 1408K, reserved 1048576K
}
Event: 26.820 GC heap before
{Heap before GC invocations=186 (full 90):
 garbage-first heap   total 1044480K, used 1043705K [0x00000000c0400000, 0x0000000100000000)
  region size 1024K, 0 young (0K), 0 survivors (0K)
 Metaspace       used 11983K, capacity 12328K, committed 12416K, reserved 1060864K
  class space    used 1246K, capacity 1369K, committed 1408K, reserved 1048576K
}
Event: 26.820 GC heap after
{Heap after GC invocations=187 (full 90):
 garbage-first heap   total 1044480K, used 1043705K [0x00000000c0400000, 0x0000000100000000)
  region size 1024K, 0 young (0K), 0 survivors (0K)
 Metaspace       used 11983K, capacity 12328K, committed 12416K, reserved 1060864K
  class space    used 1246K, capacity 1369K, committed 1408K, reserved 1048576K
}
Event: 26.821 GC heap before
{Heap before GC invocations=187 (full 90):
 garbage-first heap   total 1044480K, used 1043705K [0x00000000c0400000, 0x0000000100000000)
  region size 1024K, 0 young (0K), 0 survivors (0K)
 Metaspace       used 11983K, capacity 12328K, committed 12416K, reserved 1060864K
  class space    used 1246K, capacity 1369K, committed 1408K, reserved 1048576K
}
Event: 26.913 GC heap after
{Heap after GC invocations=188 (full 91):
 garbage-first heap   total 1044480K, used 1043705K [0x00000000c0400000, 0x0000000100000000)
  region size 1024K, 0 young (0K), 0 survivors (0K)
 Metaspace       used 11983K, capacity 12328K, committed 12416K, reserved 1060864K
  class space    used 1246K, capacity 1369K, committed 1408K, reserved 1048576K
}
Event: 26.914 GC heap before
{Heap before GC invocations=188 (full 91):
 garbage-first heap   total 1044480K, used 1043705K [0x00000000c0400000, 0x0000000100000000)
  region size 1024K, 0 young (0K), 0 survivors (0K)
 Metaspace       used 11983K, capacity 12328K, committed 12416K, reserved 1060864K
  class space    used 1246K, capacity 1369K, committed 1408K, reserved 1048576K
}
Event: 27.002 GC heap after
{Heap after GC invocations=189 (full 92):
 garbage-first heap   total 1044480K, used 1043705K [0x00000000c0400000, 0x0000000100000000)
  region size 1024K, 0 young (0K), 0 survivors (0K)
 Metaspace       used 11983K, capacity 12328K, committed 12416K, reserved 1060864K
  class space    used 1246K, capacity 1369K, committed 1408K, reserved 1048576K
}
Event: 27.006 GC heap before
{Heap before GC invocations=189 (full 92):
 garbage-first heap   total 1044480K, used 1043705K [0x00000000c0400000, 0x0000000100000000)
  region size 1024K, 0 young (0K), 0 survivors (0K)
 Metaspace       used 11983K, capacity 12328K, committed 12416K, reserved 1060864K
  class space    used 1246K, capacity 1369K, committed 1408K, reserved 1048576K
}
Event: 27.007 GC heap after
{Heap after GC invocations=190 (full 92):
 garbage-first heap   total 1044480K, used 1043705K [0x00000000c0400000, 0x0000000100000000)
  region size 1024K, 0 young (0K), 0 survivors (0K)
 Metaspace       used 11983K, capacity 12328K, committed 12416K, reserved 1060864K
  class space    used 1246K, capacity 1369K, committed 1408K, reserved 1048576K
}
Event: 27.007 GC heap before
{Heap before GC invocations=190 (full 92):
 garbage-first heap   total 1044480K, used 1043705K [0x00000000c0400000, 0x0000000100000000)
  region size 1024K, 0 young (0K), 0 survivors (0K)
 Metaspace       used 11983K, capacity 12328K, committed 12416K, reserved 1060864K
  class space    used 1246K, capacity 1369K, committed 1408K, reserved 1048576K
}
Event: 27.172 GC heap after
{Heap after GC invocations=191 (full 93):
 garbage-first heap   total 24576K, used 5469K [0x00000000c0400000, 0x0000000100000000)
  region size 1024K, 0 young (0K), 0 survivors (0K)
 Metaspace       used 11983K, capacity 12328K, committed 12416K, reserved 1060864K
  class space    used 1246K, capacity 1369K, committed 1408K, reserved 1048576K
}
Event: 28.958 GC heap before
{Heap before GC invocations=191 (full 93):
 garbage-first heap   total 24576K, used 13661K [0x00000000c0400000, 0x0000000100000000)
  region size 1024K, 8 young (8192K), 0 survivors (0K)
 Metaspace       used 12413K, capacity 12759K, committed 13056K, reserved 1060864K
  class space    used 1273K, capacity 1403K, committed 1536K, reserved 1048576K
}
Event: 28.959 GC heap after
{Heap after GC invocations=192 (full 93):
 garbage-first heap   total 24576K, used 5566K [0x00000000c0400000, 0x0000000100000000)
  region size 1024K, 1 young (1024K), 1 survivors (1024K)
 Metaspace       used 12413K, capacity 12759K, committed 13056K, reserved 1060864K
  class space    used 1273K, capacity 1403K, committed 1536K, reserved 1048576K
}

Deoptimization events (20 events):
Event: 29.472 Thread 0x0000017e70b03800 DEOPT PACKING pc=0x0000017e5bd72054 sp=0x0000001b3d0fe880
Event: 29.472 Thread 0x0000017e70b03800 DEOPT UNPACKING pc=0x0000017e5b38994e sp=0x0000001b3d0fde38 mode 1
Event: 29.472 Thread 0x0000017e70b03800 DEOPT PACKING pc=0x0000017e5bd5e8c4 sp=0x0000001b3d0feb00
Event: 29.472 Thread 0x0000017e70b03800 DEOPT UNPACKING pc=0x0000017e5b38994e sp=0x0000001b3d0fe130 mode 1
Event: 29.472 Thread 0x0000017e70b03800 DEOPT PACKING pc=0x0000017e5bd72054 sp=0x0000001b3d0fe880
Event: 29.472 Thread 0x0000017e70b03800 DEOPT UNPACKING pc=0x0000017e5b38994e sp=0x0000001b3d0fde38 mode 1
Event: 29.472 Thread 0x0000017e70b03800 DEOPT PACKING pc=0x0000017e5bd5e8c4 sp=0x0000001b3d0feb00
Event: 29.472 Thread 0x0000017e70b03800 DEOPT UNPACKING pc=0x0000017e5b38994e sp=0x0000001b3d0fe130 mode 1
Event: 29.493 Thread 0x0000017e70b03800 DEOPT PACKING pc=0x0000017e5bd72054 sp=0x0000001b3d0fe880
Event: 29.493 Thread 0x0000017e70b03800 DEOPT UNPACKING pc=0x0000017e5b38994e sp=0x0000001b3d0fde38 mode 1
Event: 29.493 Thread 0x0000017e70b03800 DEOPT PACKING pc=0x0000017e5bd5e8c4 sp=0x0000001b3d0feb00
Event: 29.493 Thread 0x0000017e70b03800 DEOPT UNPACKING pc=0x0000017e5b38994e sp=0x0000001b3d0fe130 mode 1
Event: 29.499 Thread 0x0000017e70b03800 DEOPT PACKING pc=0x0000017e5bd72054 sp=0x0000001b3d0fe880
Event: 29.499 Thread 0x0000017e70b03800 DEOPT UNPACKING pc=0x0000017e5b38994e sp=0x0000001b3d0fde38 mode 1
Event: 29.500 Thread 0x0000017e70b03800 DEOPT PACKING pc=0x0000017e5bd5e8c4 sp=0x0000001b3d0feb00
Event: 29.500 Thread 0x0000017e70b03800 DEOPT UNPACKING pc=0x0000017e5b38994e sp=0x0000001b3d0fe130 mode 1
Event: 29.500 Thread 0x0000017e70b03800 DEOPT PACKING pc=0x0000017e5bd72054 sp=0x0000001b3d0fe880
Event: 29.501 Thread 0x0000017e70b03800 DEOPT UNPACKING pc=0x0000017e5b38994e sp=0x0000001b3d0fde38 mode 1
Event: 29.501 Thread 0x0000017e70b03800 DEOPT PACKING pc=0x0000017e5bd5e8c4 sp=0x0000001b3d0feb00
Event: 29.501 Thread 0x0000017e70b03800 DEOPT UNPACKING pc=0x0000017e5b38994e sp=0x0000001b3d0fe130 mode 1

Classes unloaded (20 events):
Event: 12.592 Thread 0x0000017e52f0c000 Unloading class 0x0000000800bb8040 'java/lang/invoke/LambdaForm$MH'
Event: 12.592 Thread 0x0000017e52f0c000 Unloading class 0x0000000800bb5040 'java/lang/invoke/LambdaForm$MH'
Event: 12.592 Thread 0x0000017e52f0c000 Unloading class 0x0000000800bb4c40 'java/lang/invoke/LambdaForm$MH'
Event: 12.592 Thread 0x0000017e52f0c000 Unloading class 0x0000000800bb4440 'java/lang/invoke/LambdaForm$MH'
Event: 12.592 Thread 0x0000017e52f0c000 Unloading class 0x0000000800bb4040 'java/lang/invoke/LambdaForm$MH'
Event: 12.592 Thread 0x0000017e52f0c000 Unloading class 0x0000000800bb3440 'java/lang/invoke/LambdaForm$MH'
Event: 12.592 Thread 0x0000017e52f0c000 Unloading class 0x0000000800bb3040 'java/lang/invoke/LambdaForm$MH'
Event: 12.593 Thread 0x0000017e52f0c000 Unloading class 0x0000000800bb2c40 'java/lang/invoke/LambdaForm$MH'
Event: 12.593 Thread 0x0000017e52f0c000 Unloading class 0x0000000800bb2840 'java/lang/invoke/LambdaForm$MH'
Event: 12.593 Thread 0x0000017e52f0c000 Unloading class 0x0000000800bb2440 'java/lang/invoke/LambdaForm$MH'
Event: 12.593 Thread 0x0000017e52f0c000 Unloading class 0x0000000800bb2040 'java/lang/invoke/LambdaForm$MH'
Event: 12.593 Thread 0x0000017e52f0c000 Unloading class 0x0000000800bb1c40 'java/lang/invoke/LambdaForm$MH'
Event: 12.593 Thread 0x0000017e52f0c000 Unloading class 0x0000000800bb1840 'java/lang/invoke/LambdaForm$MH'
Event: 12.593 Thread 0x0000017e52f0c000 Unloading class 0x0000000800bb1040 'java/lang/invoke/LambdaForm$MH'
Event: 12.593 Thread 0x0000017e52f0c000 Unloading class 0x0000000800bb0840 'java/lang/invoke/LambdaForm$MH'
Event: 12.593 Thread 0x0000017e52f0c000 Unloading class 0x0000000800bb0440 'java/lang/invoke/LambdaForm$MH'
Event: 12.593 Thread 0x0000017e52f0c000 Unloading class 0x0000000800bb0040 'java/lang/invoke/LambdaForm$MH'
Event: 12.593 Thread 0x0000017e52f0c000 Unloading class 0x0000000800ba5c40 'java/lang/invoke/LambdaForm$MH'
Event: 12.593 Thread 0x0000017e52f0c000 Unloading class 0x0000000800ba6440 'java/lang/invoke/LambdaForm$MH'
Event: 12.593 Thread 0x0000017e52f0c000 Unloading class 0x0000000800ba6040 'java/lang/invoke/LambdaForm$MH'

Classes redefined (0 events):
No events

Internal exceptions (20 events):
Event: 18.458 Thread 0x0000017e6f7e1000 Exception <a 'java/lang/OutOfMemoryError'{0x00000000c0623878}> (0x00000000c0623878) 
thrown [t:/workspace/open/src/hotspot/share/prims/jni.cpp, line 598]
Event: 18.458 Thread 0x0000017e6f7e1000 Exception <a 'java/lang/OutOfMemoryError'{0x00000000c0623878}> (0x00000000c0623878) 
thrown [t:/workspace/open/src/hotspot/share/prims/jni.cpp, line 598]
Event: 18.458 Thread 0x0000017e6f7e1000 Exception <a 'java/lang/OutOfMemoryError'{0x00000000c0623878}> (0x00000000c0623878) 
thrown [t:/workspace/open/src/hotspot/share/prims/jni.cpp, line 598]
Event: 18.458 Thread 0x0000017e6f7e1000 Exception <a 'java/lang/OutOfMemoryError'{0x00000000c0623878}> (0x00000000c0623878) 
thrown [t:/workspace/open/src/hotspot/share/prims/jni.cpp, line 598]
Event: 19.115 Thread 0x0000017e6fae3800 Exception <a 'java/lang/OutOfMemoryError'{0x00000000c0623878}> (0x00000000c0623878) 
thrown [t:/workspace/open/src/hotspot/share/gc/shared/memAllocator.cpp, line 136]
Event: 19.120 Thread 0x0000017e6f7e1000 Exception <a 'java/lang/OutOfMemoryError'{0x00000000c0623878}> (0x00000000c0623878) 
thrown [t:/workspace/open/src/hotspot/share/prims/jni.cpp, line 598]
Event: 21.693 Thread 0x0000017e6fae3800 Exception <a 'java/lang/OutOfMemoryError'{0x00000000c0623878}> (0x00000000c0623878) 
thrown [t:/workspace/open/src/hotspot/share/gc/shared/memAllocator.cpp, line 136]
Event: 22.066 Thread 0x0000017e6faec800 Exception <a 'java/lang/OutOfMemoryError'{0x00000000c0623878}> (0x00000000c0623878) 
thrown [t:/workspace/open/src/hotspot/share/gc/shared/memAllocator.cpp, line 136]
Event: 22.555 Thread 0x0000017e709ac800 Exception <a 'java/lang/OutOfMemoryError'{0x00000000c06237f8}> (0x00000000c06237f8) 
thrown [t:/workspace/open/src/hotspot/share/gc/shared/memAllocator.cpp, line 136]
Event: 22.950 Thread 0x0000017e70a18000 Exception <a 'java/lang/OutOfMemoryError'{0x00000000c06237f8}> (0x00000000c06237f8) 
thrown [t:/workspace/open/src/hotspot/share/gc/shared/memAllocator.cpp, line 136]
Event: 23.355 Thread 0x0000017e707bf000 Exception <a 'java/lang/OutOfMemoryError'{0x00000000c06237f8}> (0x00000000c06237f8) 
thrown [t:/workspace/open/src/hotspot/share/gc/shared/memAllocator.cpp, line 136]
Event: 23.738 Thread 0x0000017e70a18000 Exception <a 'java/lang/OutOfMemoryError'{0x00000000c06237f8}> (0x00000000c06237f8) 
thrown [t:/workspace/open/src/hotspot/share/gc/shared/memAllocator.cpp, line 136]
Event: 24.195 Thread 0x0000017e707bf000 Exception <a 'java/lang/OutOfMemoryError'{0x00000000c06237f8}> (0x00000000c06237f8) 
thrown [t:/workspace/open/src/hotspot/share/gc/shared/memAllocator.cpp, line 136]
Event: 24.677 Thread 0x0000017e70a18000 Exception <a 'java/lang/OutOfMemoryError'{0x00000000c06237e8}> (0x00000000c06237e8) 
thrown [t:/workspace/open/src/hotspot/share/gc/shared/memAllocator.cpp, line 136]
Event: 25.090 Thread 0x0000017e707bf000 Exception <a 'java/lang/OutOfMemoryError'{0x00000000c06237e8}> (0x00000000c06237e8) 
thrown [t:/workspace/open/src/hotspot/share/gc/shared/memAllocator.cpp, line 136]
Event: 25.525 Thread 0x0000017e707bf000 Exception <a 'java/lang/OutOfMemoryError'{0x00000000c06237e8}> (0x00000000c06237e8) 
thrown [t:/workspace/open/src/hotspot/share/gc/shared/memAllocator.cpp, line 136]
Event: 25.962 Thread 0x0000017e70a18000 Exception <a 'java/lang/OutOfMemoryError'{0x00000000c06237e8}> (0x00000000c06237e8) 
thrown [t:/workspace/open/src/hotspot/share/gc/shared/memAllocator.cpp, line 136]
Event: 26.293 Thread 0x0000017e707bf000 Exception <a 'java/lang/OutOfMemoryError'{0x00000000c06237e8}> (0x00000000c06237e8) 
thrown [t:/workspace/open/src/hotspot/share/gc/shared/memAllocator.cpp, line 136]
Event: 26.638 Thread 0x0000017e70a18000 Exception <a 'java/lang/OutOfMemoryError'{0x00000000c06237e8}> (0x00000000c06237e8) 
thrown [t:/workspace/open/src/hotspot/share/gc/shared/memAllocator.cpp, line 136]
Event: 27.002 Thread 0x0000017e707bf000 Exception <a 'java/lang/OutOfMemoryError'{0x00000000c06237e8}> (0x00000000c06237e8) 
thrown [t:/workspace/open/src/hotspot/share/gc/shared/memAllocator.cpp, line 136]

Events (20 events):
Event: 27.238 loading class com/drew/metadata/file/FileTypeDescriptor done
Event: 27.239 loading class com/drew/metadata/file/FileSystemMetadataReader
Event: 27.239 loading class com/drew/metadata/file/FileSystemMetadataReader done
Event: 27.239 loading class com/drew/metadata/file/FileSystemDirectory
Event: 27.239 loading class com/drew/metadata/file/FileSystemDirectory done
Event: 27.240 loading class com/drew/metadata/file/FileSystemDescriptor
Event: 27.240 loading class com/drew/metadata/file/FileSystemDescriptor done
Event: 28.455 loading class sun/nio/cs/UTF_16LE$Decoder
Event: 28.456 loading class sun/nio/cs/UTF_16LE$Decoder done
Event: 28.456 Executing VM operation: Deoptimize
Event: 28.456 Executing VM operation: Deoptimize done
Event: 28.597 loading class jdk/internal/reflect/BootstrapConstructorAccessorImpl
Event: 28.597 loading class jdk/internal/reflect/BootstrapConstructorAccessorImpl done
Event: 28.958 Executing VM operation: G1CollectForAllocation
Event: 28.959 Executing VM operation: G1CollectForAllocation done
Event: 29.504 Thread 0x0000017e70b03800 Thread exited: 0x0000017e70b03800
Event: 31.590 Thread 0x0000017e70b03800 Thread added: 0x0000017e70b03800
Event: 31.668 Thread 0x0000017e6f9bf000 Thread added: 0x0000017e6f9bf000
Event: 31.668 Thread 0x0000017e6f9bb000 Thread added: 0x0000017e6f9bb000
Event: 31.668 Thread 0x0000017e6f9bb000 Thread exited: 0x0000017e6f9bb000


Dynamic libraries:
0x00007ff6af2f0000 - 0x00007ff6af2ff000 	C:\Program Files\Java\jdk-13.0.1\bin\java.exe
0x00007ffd3c300000 - 0x00007ffd3c4d2000 	C:\Windows\SYSTEM32\ntdll.dll
0x00007ffd3c250000 - 0x00007ffd3c2fc000 	C:\Windows\System32\KERNEL32.DLL
0x00007ffd39210000 - 0x00007ffd3942d000 	C:\Windows\System32\KERNELBASE.dll
0x00007ffd38a10000 - 0x00007ffd38b05000 	C:\Windows\System32\ucrtbase.dll
0x00007ffd35950000 - 0x00007ffd35968000 	C:\Program Files\Java\jdk-13.0.1\bin\jli.dll
0x00007ffd3b980000 - 0x00007ffd3ba22000 	C:\Windows\System32\ADVAPI32.dll
0x00007ffd3b5f0000 - 0x00007ffd3b68e000 	C:\Windows\System32\msvcrt.dll
0x00007ffd359b0000 - 0x00007ffd359c5000 	C:\Program Files\Java\jdk-13.0.1\bin\VCRUNTIME140.dll
0x00007ffd3b8b0000 - 0x00007ffd3b909000 	C:\Windows\System32\sechost.dll
0x00007ffd3c120000 - 0x00007ffd3c241000 	C:\Windows\System32\RPCRT4.dll
0x00007ffd3b740000 - 0x00007ffd3b8a5000 	C:\Windows\System32\USER32.dll
0x00007ffd38b10000 - 0x00007ffd38b2e000 	C:\Windows\System32\win32u.dll
0x00007ffd3b6f0000 - 0x00007ffd3b724000 	C:\Windows\System32\GDI32.dll
0x00007ffd394e0000 - 0x00007ffd39660000 	C:\Windows\System32\gdi32full.dll
0x00007ffd2cce0000 - 0x00007ffd2cf5a000 	C:\Windows\WinSxS\amd64_microsoft.windows.common-controls_6595b64144ccf1df_6.0.14393.953_none_42151e83c686086b\COMCTL32.dll
0x00007ffd3ba30000 - 0x00007ffd3bcf8000 	C:\Windows\System32\combase.dll
0x00007ffd38800000 - 0x00007ffd3886a000 	C:\Windows\System32\bcryptPrimitives.dll
0x00007ffd34320000 - 0x00007ffd3432a000 	C:\Windows\SYSTEM32\VERSION.dll
0x00007ffd3b5b0000 - 0x00007ffd3b5de000 	C:\Windows\System32\IMM32.DLL
0x00007ffd2fd90000 - 0x00007ffd2fe2b000 	C:\Program Files\Java\jdk-13.0.1\bin\msvcp140.dll
0x00007ffd191c0000 - 0x00007ffd19d26000 	C:\Program Files\Java\jdk-13.0.1\bin\server\jvm.dll
0x00007ffd3b5e0000 - 0x00007ffd3b5e8000 	C:\Windows\System32\PSAPI.DLL
0x00007ffd35d70000 - 0x00007ffd35d79000 	C:\Windows\SYSTEM32\WSOCK32.dll
0x00007ffd3b0f0000 - 0x00007ffd3b15a000 	C:\Windows\System32\WS2_32.dll
0x00007ffd36c20000 - 0x00007ffd36c43000 	C:\Windows\SYSTEM32\WINMM.dll
0x00007ffd36b90000 - 0x00007ffd36bbb000 	C:\Windows\SYSTEM32\WINMMBASE.dll
0x00007ffd389c0000 - 0x00007ffd38a02000 	C:\Windows\System32\cfgmgr32.dll
0x00007ffd38770000 - 0x00007ffd3877f000 	C:\Windows\System32\kernel.appcore.dll
0x00007ffd359a0000 - 0x00007ffd359b0000 	C:\Program Files\Java\jdk-13.0.1\bin\verify.dll
0x00007ffd30660000 - 0x00007ffd307f2000 	C:\Windows\SYSTEM32\DBGHELP.DLL
0x00007ffd30490000 - 0x00007ffd304b9000 	C:\Windows\SYSTEM32\dbgcore.DLL
0x00007ffd2fd60000 - 0x00007ffd2fd86000 	C:\Program Files\Java\jdk-13.0.1\bin\java.dll
0x00007ffd2fce0000 - 0x00007ffd2fd18000 	C:\Program Files\Java\jdk-13.0.1\bin\jdwp.dll
0x00007ffd2fcd0000 - 0x00007ffd2fcde000 	C:\Program Files\Java\jdk-13.0.1\bin\instrument.dll
0x00007ffd2fd40000 - 0x00007ffd2fd57000 	C:\Program Files\Java\jdk-13.0.1\bin\zip.dll
0x00007ffd35980000 - 0x00007ffd3598a000 	C:\Program Files\Java\jdk-13.0.1\bin\jimage.dll
0x00007ffd39890000 - 0x00007ffd3ad98000 	C:\Windows\System32\SHELL32.dll
0x00007ffd38b30000 - 0x00007ffd3920a000 	C:\Windows\System32\windows.storage.dll
0x00007ffd387b0000 - 0x00007ffd387fc000 	C:\Windows\System32\powrprof.dll
0x00007ffd3b690000 - 0x00007ffd3b6e2000 	C:\Windows\System32\shlwapi.dll
0x00007ffd38910000 - 0x00007ffd389b9000 	C:\Windows\System32\shcore.dll
0x00007ffd38780000 - 0x00007ffd38794000 	C:\Windows\System32\profapi.dll
0x00007ffd2e980000 - 0x00007ffd2e98b000 	C:\Program Files\Java\jdk-13.0.1\bin\dt_socket.dll
0x00007ffd380a0000 - 0x00007ffd380fc000 	C:\Windows\system32\mswsock.dll
0x00007ffd2b990000 - 0x00007ffd2b9a9000 	C:\Program Files\Java\jdk-13.0.1\bin\net.dll
0x00007ffd323e0000 - 0x00007ffd324ad000 	C:\Windows\SYSTEM32\WINHTTP.dll
0x00007ffd2b970000 - 0x00007ffd2b983000 	C:\Program Files\Java\jdk-13.0.1\bin\nio.dll
0x00007ffd29190000 - 0x00007ffd29329000 	C:\Program Files\Java\jdk-13.0.1\bin\awt.dll
0x00007ffd3c060000 - 0x00007ffd3c11f000 	C:\Windows\System32\OLEAUT32.dll
0x00007ffd38870000 - 0x00007ffd3890c000 	C:\Windows\System32\msvcp_win.dll
0x00007ffd32920000 - 0x00007ffd32e7f000 	C:\Windows\SYSTEM32\d2d1.dll
0x00007ffd396c0000 - 0x00007ffd39889000 	C:\Windows\System32\CRYPT32.dll
0x00007ffd387a0000 - 0x00007ffd387b0000 	C:\Windows\System32\MSASN1.dll
0x00007ffd36d10000 - 0x00007ffd36d8a000 	C:\Windows\SYSTEM32\apphelp.dll
0x00007ffd36350000 - 0x00007ffd36376000 	C:\Windows\system32\DWMAPI.DLL
0x00007ffd36ef0000 - 0x00007ffd36f85000 	C:\Windows\system32\uxtheme.dll
0x00007ffd1e7b0000 - 0x00007ffd1e8d3000 	C:\Windows\system32\opengl32.dll
0x00007ffd2a510000 - 0x00007ffd2a53d000 	C:\Windows\SYSTEM32\GLU32.dll
0x00007ffd1de80000 - 0x00007ffd1df77000 	C:\Windows\SYSTEM32\DDRAW.dll
0x00007ffd2a790000 - 0x00007ffd2a798000 	C:\Windows\SYSTEM32\DCIMAN32.dll
0x00007ffd3af80000 - 0x00007ffd3b0da000 	C:\Windows\System32\MSCTF.dll
0x00007ffd3ae40000 - 0x00007ffd3af78000 	C:\Windows\System32\ole32.dll
0x00007ffd1cd70000 - 0x00007ffd1cefd000 	C:\Windows\system32\d3d9.dll
0x00007ffd343c0000 - 0x00007ffd34527000 	C:\Windows\SYSTEM32\aticfx64.dll
0x00007ffd2aca0000 - 0x00007ffd2acc1000 	C:\Windows\SYSTEM32\atiu9p64.dll
0x00007ffd18420000 - 0x00007ffd18c79000 	C:\Windows\SYSTEM32\atiumd64.dll
0x00000000731e0000 - 0x0000000073a68000 	C:\Windows\SYSTEM32\atiumd6a.dll
0x00007ffd29100000 - 0x00007ffd29182000 	C:\Program Files\Java\jdk-13.0.1\bin\freetype.dll
0x00007ffd28720000 - 0x00007ffd287c6000 	C:\Program Files\Java\jdk-13.0.1\bin\fontmanager.dll

dbghelp: loaded successfully - version: 4.0.5 - missing functions: none
symbol engine: initialized successfully - sym options: 0x614 - pdb path: .;C:\Program Files\Java\jdk-13.0.1\bin;C:\Windows\SYSTEM32;C:\Windows\WinSxS\amd64_microsoft.windows.common-controls_6595b64144ccf1df_6.0.14393.953_none_42151e83c686086b;C:\Program Files\Java\jdk-13.0.1\bin\server

VM Arguments:
jvm_args: -agentlib:jdwp=transport=dt_socket,address=127.0.0.1:52617,suspend=y,server=n -javaagent:C:\Users\Tom\AppData\Local\JetBrains\IdeaIC2020.3\captureAgent\debugger-agent.jar -Dfile.encoding=UTF-8 
java_command: Start
java_class_path (initial): H:\FotoLoading\target\classes;C:\Users\Tom\.m2\repository\com\drewnoakes\metadata-extractor\2.15.0\metadata-extractor-2.15.0.jar;C:\Users\Tom\.m2\repository\com\adobe\xmp\xmpcore\6.0.6\xmpcore-6.0.6.jar;C:\Program Files\JetBrains\IntelliJ IDEA Community Edition 2019.3\lib\idea_rt.jar
Launcher Type: SUN_STANDARD

[Global flags]
     intx CICompilerCount                          = 3                                         {product} {ergonomic}
     uint ConcGCThreads                            = 1                                         {product} {ergonomic}
     uint G1ConcRefinementThreads                  = 4                                         {product} {ergonomic}
   size_t G1HeapRegionSize                         = 1048576                                   {product} {ergonomic}
    uintx GCDrainStackTargetSize                   = 64                                        {product} {ergonomic}
   size_t InitialHeapSize                          = 67108864                                  {product} {ergonomic}
   size_t MarkStackSize                            = 4194304                                   {product} {ergonomic}
   size_t MaxHeapSize                              = 1069547520                                {product} {ergonomic}
   size_t MaxNewSize                               = 641728512                                 {product} {ergonomic}
   size_t MinHeapDeltaBytes                        = 1048576                                   {product} {ergonomic}
   size_t MinHeapSize                              = 8388608                                   {product} {ergonomic}
    uintx NonNMethodCodeHeapSize                   = 5830732                                {pd product} {ergonomic}
    uintx NonProfiledCodeHeapSize                  = 122913754                              {pd product} {ergonomic}
    uintx ProfiledCodeHeapSize                     = 122913754                              {pd product} {ergonomic}
    uintx ReservedCodeCacheSize                    = 251658240                              {pd product} {ergonomic}
     bool SegmentedCodeCache                       = true                                      {product} {ergonomic}
   size_t SoftMaxHeapSize                          = 1069547520                             {manageable} {ergonomic}
     bool UseCompressedClassPointers               = true                                 {lp64_product} {ergonomic}
     bool UseCompressedOops                        = true                                 {lp64_product} {ergonomic}
     bool UseG1GC                                  = true                                      {product} {ergonomic}
     bool UseLargePagesIndividualAllocation        = false                                  {pd product} {ergonomic}

Logging:
Log output configuration:
 #0: stdout all=warning uptime,level,tags
 #1: stderr all=off uptime,level,tags

Environment Variables:
JAVA_HOME=C:\Program Files\Java\jdk-13.0.1\
PATH=H:\Maven\apache-maven-3.6.3;C:\Program Files\MySQL\MySQL Shell 8.0\bin\;C:\Program Files\Java\jdk-13.0.1\bin;H:\Maven\apache-maven-3.6.3\bin
USERNAME=МегаМозг
OS=Windows_NT
PROCESSOR_IDENTIFIER=AMD64 Family 21 Model 1 Stepping 2, AuthenticAMD



---------------  S Y S T E M  ---------------

OS: Windows 10 , 64 bit Build 14393 (10.0.14393.1198)

CPU:total 4 (initial active 4) (4 cores per cpu, 1 threads per core) family 21 model 1 stepping 2, cmov, cx8, fxsr, mmx, sse, sse2, sse3, ssse3, sse4.1, sse4.2, popcnt, avx, aes, clmul, mmxext, 3dnowpref, lzcnt, sse4a, tsc, tscinvbit, tscinv

Memory: 4k page, system-wide physical 4079M (1721M free)
TotalPageFile size 7663M (AvailPageFile size 2685M)
current process WorkingSet (physical memory assigned to process): 102M, peak: 1153M
current process commit charge ("private bytes"): 153M, peak: 1198M

vm_info: Java HotSpot(TM) 64-Bit Server VM (13.0.1+9) for windows-amd64 JRE (13.0.1+9), built on Oct  6 2019 12:37:49 by "mach5one" with unknown MS VC++:1916

END.
